
[2026-04-01T12:00:59] ════════ CXFI WATCHDOG — 2026-04-01T12:00:59 ════════
[2026-04-01T12:00:59] → [1/5] Accessibilité site...
[2026-04-01T12:00:59] ✅ Site accessible — HTTP 200 — 0.932824s
[2026-04-01T12:00:59] → [2/5] Intégrité contenu HTML...
[2026-04-01T12:00:59] ✅ Section #sec-home présente
[2026-04-01T12:00:59] ✅ Institutions INSTS présentes dans le HTML
[2026-04-01T12:00:59] ✅ Configuration Supabase présente
[2026-04-01T12:00:59] ✅ Pas de double id — Bug #1 stable
[2026-04-01T12:00:59] ✅ Validation formulaire v8.1 présente (tryGoStep2)
[2026-04-01T12:00:59] → [3/5] Disponibilité API Supabase (table avis)...
[2026-04-01T12:00:59] ✅ API Supabase opérationnelle — table avis répond HTTP 206
[2026-04-01T12:00:59] → [4/5] Disponibilité API Supabase (table feedback)...
[2026-04-01T12:00:59] ✅ API Supabase opérationnelle — table feedback répond HTTP 200
[2026-04-01T12:00:59] → [5/5] Intégrité des données — comptage avis...
[2026-04-01T12:00:59] ✅ Total avis en base : 10

══════════════════════════════════════════════
CXFI WATCHDOG REPORT — 2026-04-01T12:00:59
Status : 🟢 OK
✅ OK      : 9 checks
⚠️  Warnings: 0
🔴 Errors  : 0
──────────────────────────────────────────────
══════════════════════════════════════════════
