
[2026-04-02T10:08:11] ════════ CXFI WATCHDOG — 2026-04-02T10:08:11 ════════
[2026-04-02T10:08:11] → [1/5] Accessibilité site...
[2026-04-02T10:08:11] ✅ Site accessible — HTTP 200 — 1.156875s
[2026-04-02T10:08:11] → [2/5] Intégrité contenu HTML...
[2026-04-02T10:08:11] ✅ Section #sec-home présente
[2026-04-02T10:08:11] ✅ Institutions INSTS présentes dans le HTML
[2026-04-02T10:08:11] ✅ Configuration Supabase présente
[2026-04-02T10:08:11] ✅ Pas de double id — Bug #1 stable
[2026-04-02T10:08:11] ✅ Validation formulaire v8.1 présente (tryGoStep2)
[2026-04-02T10:08:11] → [3/5] Disponibilité API Supabase (table avis)...
[2026-04-02T10:08:11] ✅ API Supabase opérationnelle — table avis répond HTTP 206
[2026-04-02T10:08:11] → [4/5] Disponibilité API Supabase (table feedback)...
[2026-04-02T10:08:11] ✅ API Supabase opérationnelle — table feedback répond HTTP 200
[2026-04-02T10:08:11] → [5/5] Intégrité des données — comptage avis...
[2026-04-02T10:08:11] ✅ Total avis en base : 12

══════════════════════════════════════════════
CXFI WATCHDOG REPORT — 2026-04-02T10:08:11
Status : 🟢 OK
✅ OK      : 9 checks
⚠️  Warnings: 0
🔴 Errors  : 0
──────────────────────────────────────────────
══════════════════════════════════════════════
